Using pre-set license
Built from '2020.3/staging' branch; Version is '2020.3.13f1 (71691879b7f5) revision 7432472'; Using compiler version '192528614'; Build Type 'Release'
OS: 'Windows 10 Home; OS build 19041.1415; Version 2004; 64bit' Language: 'es' Physical Memory: 8101 MB
BatchMode: 1, IsHumanControllingUs: 0, StartBugReporterOnCrash: 0, Is64bit: 1, IsPro: 0

 COMMAND LINE ARGUMENTS:
C:\Program Files\Unity\Hub\Editor\2020.3.13f1\Editor\Unity.exe
-adb2
-batchMode
-noUpm
-name
AssetImportWorker0
-projectPath
C:/Users/lauri/Documents/GitHub/c2022-Grupo08/2025
-logFile
Logs/AssetImportWorker0.log
-srvPort
49176
Successfully changed project path to: C:/Users/lauri/Documents/GitHub/c2022-Grupo08/2025
C:/Users/lauri/Documents/GitHub/c2022-Grupo08/2025
Using Asset Import Pipeline V2.
Refreshing native plugins compatible for Editor in 56.50 ms, found 3 plugins.
Preloading 0 native plugins for Editor in 0.00 ms.
Initialize engine version: 2020.3.13f1 (71691879b7f5)
[Subsystems] Discovering subsystems at path C:/Program Files/Unity/Hub/Editor/2020.3.13f1/Editor/Data/Resources/UnitySubsystems
[Subsystems] Discovering subsystems at path C:/Users/lauri/Documents/GitHub/c2022-Grupo08/2025/Assets
GfxDevice: creating device client; threaded=0
Direct3D:
    Version:  Direct3D 11.0 [level 11.1]
    Renderer: Intel(R) UHD Graphics 620 (ID=0x5917)
    Vendor:   
    VRAM:     4050 MB
    Driver:   23.20.16.4973
Initialize mono
Mono path[0] = 'C:/Program Files/Unity/Hub/Editor/2020.3.13f1/Editor/Data/Managed'
Mono path[1] = 'C:/Program Files/Unity/Hub/Editor/2020.3.13f1/Editor/Data/MonoBleedingEdge/lib/mono/unityjit'
Mono config path = 'C:/Program Files/Unity/Hub/Editor/2020.3.13f1/Editor/Data/MonoBleedingEdge/etc'
Using monoOptions --debugger-agent=transport=dt_socket,embedding=1,server=y,suspend=n,address=127.0.0.1:56964
Begin MonoManager ReloadAssembly
Registering precompiled unity dll's ...
Register platform support module: C:/Program Files/Unity/Hub/Editor/2020.3.13f1/Editor/Data/PlaybackEngines/WindowsStandaloneSupport/UnityEditor.WindowsStandalone.Extensions.dll
Registered in 0.002905 seconds.
Native extension for WindowsStandalone target not found
Refreshing native plugins compatible for Editor in 46.70 ms, found 3 plugins.
Preloading 0 native plugins for Editor in 0.00 ms.
Mono: successfully reloaded assembly
- Completed reload, in  1.274 seconds
Platform modules already initialized, skipping
Registering precompiled user dll's ...
Registered in 0.007486 seconds.
Begin MonoManager ReloadAssembly
Native extension for WindowsStandalone target not found
Refreshing native plugins compatible for Editor in 46.22 ms, found 3 plugins.
Preloading 0 native plugins for Editor in 0.00 ms.
Mono: successfully reloaded assembly
- Completed reload, in  1.300 seconds
Platform modules already initialized, skipping
========================================================================
Worker process is ready to serve import requests
Launched and connected shader compiler UnityShaderCompiler.exe after 0.06 seconds
Refreshing native plugins compatible for Editor in 0.53 ms, found 3 plugins.
Preloading 0 native plugins for Editor in 0.00 ms.
Unloading 2180 Unused Serialized files (Serialized files now loaded: 0)
System memory in use before: 95.2 MB.
System memory in use after: 95.3 MB.

Unloading 28 unused Assets to reduce memory usage. Loaded Objects now: 2614.
Total: 3.265400 ms (FindLiveObjects: 0.260000 ms CreateObjectMapping: 0.107000 ms MarkObjects: 2.818500 ms  DeleteObjects: 0.078300 ms)

AssetImportParameters requested are different than current active one (requested -> active):
  custom:framework-win-MediaFoundation: 216162199b28c13a410421893ffa2e32 -> 
  custom:video-decoder-ogg-theora: a1e56fd34408186e4bbccfd4996cb3dc -> 
  custom:container-muxer-webm: aa71ff27fc2769a1b78a27578f13a17b -> 
  custom:container-demuxer-webm: 4f35f7cbe854078d1ac9338744f61a02 -> 
  custom:container-demuxer-ogg: 62fdf1f143b41e24485cea50d1cbac27 -> 
  custom:video-encoder-webm-vp8: eb34c28f22e8b96e1ab97ce403110664 -> 
  custom:video-codec-MediaFoundation-h265: 746d11721c4dcdbdad8f713fa42b33f4 -> 
  custom:video-decoder-webm-vp8: 9c59270c3fd7afecdb556c50c9e8de78 -> 
  custom:audio-decoder-ogg-vorbis: bf7c407c2cedff20999df2af8eb42d56 -> 
  custom:audio-encoder-webm-vorbis: bf7c407c2cedff20999df2af8eb42d56 -> 
========================================================================
Received Import Request.
  path: Assets/Prefabs/Barricada_de_madera.prefab
  artifactKey: Guid(f44c346b9ac6f6b4c9ac402eff908a78) Importer(815301076,1909f56bfc062723c751e8b465ee728b)
Start importing Assets/Prefabs/Barricada_de_madera.prefab using Guid(f44c346b9ac6f6b4c9ac402eff908a78) Importer(815301076,1909f56bfc062723c751e8b465ee728b)  -> (artifact id: 'c1f8c0be9b5b031057394064a267540a') in 0.165238 seconds 
  Import took 0.169262 seconds .

========================================================================
Received Import Request.
  Time since last request: 0.001185 seconds.
  path: Assets/Sprites/camilllaaa.png
  artifactKey: Guid(c949a070d4926ce49b04cc967268d5f6) Importer(815301076,1909f56bfc062723c751e8b465ee728b)
Start importing Assets/Sprites/camilllaaa.png using Guid(c949a070d4926ce49b04cc967268d5f6) Importer(815301076,1909f56bfc062723c751e8b465ee728b)  -> (artifact id: '7e90d883d8a63b551287e9295dfaa026') in 0.136034 seconds 
  Import took 0.139576 seconds .

========================================================================
Received Import Request.
  Time since last request: 0.000360 seconds.
  path: Assets/Sprites/Barricada_de_madera.png
  artifactKey: Guid(484a2ae170026014caa82ce6b6cccb4f) Importer(815301076,1909f56bfc062723c751e8b465ee728b)
Start importing Assets/Sprites/Barricada_de_madera.png using Guid(484a2ae170026014caa82ce6b6cccb4f) Importer(815301076,1909f56bfc062723c751e8b465ee728b)  -> (artifact id: 'a7f322ac7710406b240eb30f55bb3c37') in 0.016951 seconds 
  Import took 0.020607 seconds .

========================================================================
Received Import Request.
  Time since last request: 0.000256 seconds.
  path: Assets/Sprites/basura.png
  artifactKey: Guid(02024e955f9378049a9ba96337e142f1) Importer(815301076,1909f56bfc062723c751e8b465ee728b)
Start importing Assets/Sprites/basura.png using Guid(02024e955f9378049a9ba96337e142f1) Importer(815301076,1909f56bfc062723c751e8b465ee728b)  -> (artifact id: '6922fe4a1ac7a935ba08e486e84c3976') in 0.022699 seconds 
  Import took 0.026532 seconds .

========================================================================
Received Import Request.
  Time since last request: 0.000394 seconds.
  path: Assets/Prefabs/Camilla.prefab
  artifactKey: Guid(2cc1f72dabc77b749992de6fc5093f1b) Importer(815301076,1909f56bfc062723c751e8b465ee728b)
Start importing Assets/Prefabs/Camilla.prefab using Guid(2cc1f72dabc77b749992de6fc5093f1b) Importer(815301076,1909f56bfc062723c751e8b465ee728b)  -> (artifact id: '5e8124bda46cdef54fb3046caccd3a50') in 0.022279 seconds 
  Import took 0.026190 seconds .

========================================================================
Received Import Request.
  Time since last request: 0.000416 seconds.
  path: Assets/Sprites/basura.png
  artifactKey: Guid(02024e955f9378049a9ba96337e142f1) Importer(815301076,1909f56bfc062723c751e8b465ee728b)
Start importing Assets/Sprites/basura.png using Guid(02024e955f9378049a9ba96337e142f1) Importer(815301076,1909f56bfc062723c751e8b465ee728b)  -> (artifact id: '6922fe4a1ac7a935ba08e486e84c3976') in 0.017580 seconds 
  Import took 0.021998 seconds .

========================================================================
Received Import Request.
  Time since last request: 0.000376 seconds.
  path: Assets/Prefabs/Papelera.prefab
  artifactKey: Guid(0647191ce853d114bb71919295da7fe3) Importer(815301076,1909f56bfc062723c751e8b465ee728b)
Start importing Assets/Prefabs/Papelera.prefab using Guid(0647191ce853d114bb71919295da7fe3) Importer(815301076,1909f56bfc062723c751e8b465ee728b)  -> (artifact id: 'e323f21c268053d56156ac1ecfadbbff') in 0.026755 seconds 
  Import took 0.031387 seconds .

========================================================================
Received Prepare
Registering precompiled user dll's ...
Registered in 0.008356 seconds.
Begin MonoManager ReloadAssembly
Native extension for WindowsStandalone target not found
Refreshing native plugins compatible for Editor in 0.56 ms, found 3 plugins.
Preloading 0 native plugins for Editor in 0.00 ms.
Mono: successfully reloaded assembly
- Completed reload, in  1.100 seconds
Platform modules already initialized, skipping
Refreshing native plugins compatible for Editor in 0.60 ms, found 3 plugins.
Preloading 0 native plugins for Editor in 0.00 ms.
Unloading 2169 Unused Serialized files (Serialized files now loaded: 0)
System memory in use before: 97.6 MB.
System memory in use after: 97.7 MB.

Unloading 17 unused Assets to reduce memory usage. Loaded Objects now: 2630.
Total: 3.198800 ms (FindLiveObjects: 0.247400 ms CreateObjectMapping: 0.081100 ms MarkObjects: 2.847000 ms  DeleteObjects: 0.022300 ms)

AssetImportParameters requested are different than current active one (requested -> active):
  custom:framework-win-MediaFoundation: 216162199b28c13a410421893ffa2e32 -> 
  custom:video-decoder-ogg-theora: a1e56fd34408186e4bbccfd4996cb3dc -> 
  custom:container-muxer-webm: aa71ff27fc2769a1b78a27578f13a17b -> 
  custom:container-demuxer-webm: 4f35f7cbe854078d1ac9338744f61a02 -> 
  custom:container-demuxer-ogg: 62fdf1f143b41e24485cea50d1cbac27 -> 
  custom:video-encoder-webm-vp8: eb34c28f22e8b96e1ab97ce403110664 -> 
  custom:video-codec-MediaFoundation-h265: 746d11721c4dcdbdad8f713fa42b33f4 -> 
  custom:video-decoder-webm-vp8: 9c59270c3fd7afecdb556c50c9e8de78 -> 
  custom:audio-decoder-ogg-vorbis: bf7c407c2cedff20999df2af8eb42d56 -> 
  custom:audio-encoder-webm-vorbis: bf7c407c2cedff20999df2af8eb42d56 -> 
AssetImportWorkerClient::OnTransportError - code=2 error=End of file
